Using pre-set license
Built from '2021.3/staging' branch; Version is '2021.3.6f1 (7da38d85baf6) revision 8233869'; Using compiler version '192829333'; Build Type 'Release'
OS: 'Windows 10  (10.0.19043) 64bit Professional' Language: 'en' Physical Memory: 16189 MB
BatchMode: 1, IsHumanControllingUs: 0, StartBugReporterOnCrash: 0, Is64bit: 1, IsPro: 1

COMMAND LINE ARGUMENTS:
C:\Program Files\Unity\Hub\Editor\2021.3.6f1\Editor\Unity.exe
-adb2
-batchMode
-noUpm
-name
AssetImportWorker2
-projectPath
C:/Users/foodl/OneDrive/Documents/Full Sail/PP4/PP4-PlatformDriving/Car Tutorial
-logFile
Logs/AssetImportWorker2.log
-srvPort
63335
Successfully changed project path to: C:/Users/foodl/OneDrive/Documents/Full Sail/PP4/PP4-PlatformDriving/Car Tutorial
C:/Users/foodl/OneDrive/Documents/Full Sail/PP4/PP4-PlatformDriving/Car Tutorial
[UnityMemory] Configuration Parameters - Can be set up in boot.config
    "memorysetup-bucket-allocator-granularity=16"
    "memorysetup-bucket-allocator-bucket-count=8"
    "memorysetup-bucket-allocator-block-size=33554432"
    "memorysetup-bucket-allocator-block-count=8"
    "memorysetup-main-allocator-block-size=16777216"
    "memorysetup-thread-allocator-block-size=16777216"
    "memorysetup-gfx-main-allocator-block-size=16777216"
    "memorysetup-gfx-thread-allocator-block-size=16777216"
    "memorysetup-cache-allocator-block-size=4194304"
    "memorysetup-typetree-allocator-block-size=2097152"
    "memorysetup-profiler-bucket-allocator-granularity=16"
    "memorysetup-profiler-bucket-allocator-bucket-count=8"
    "memorysetup-profiler-bucket-allocator-block-size=33554432"
    "memorysetup-profiler-bucket-allocator-block-count=8"
    "memorysetup-profiler-allocator-block-size=16777216"
    "memorysetup-profiler-editor-allocator-block-size=1048576"
    "memorysetup-temp-allocator-size-main=16777216"
    "memorysetup-job-temp-allocator-block-size=2097152"
    "memorysetup-job-temp-allocator-block-size-background=1048576"
    "memorysetup-job-temp-allocator-reduction-small-platforms=262144"
    "memorysetup-temp-allocator-size-background-worker=32768"
    "memorysetup-temp-allocator-size-job-worker=262144"
    "memorysetup-temp-allocator-size-preload-manager=33554432"
    "memorysetup-temp-allocator-size-nav-mesh-worker=65536"
    "memorysetup-temp-allocator-size-audio-worker=65536"
    "memorysetup-temp-allocator-size-cloud-worker=32768"
    "memorysetup-temp-allocator-size-gi-baking-worker=262144"
    "memorysetup-temp-allocator-size-gfx=262144"
Refreshing native plugins compatible for Editor in 190.22 ms, found 3 plugins.
Preloading 0 native plugins for Editor in 0.00 ms.
Initialize engine version: 2021.3.6f1 (7da38d85baf6)
[Subsystems] Discovering subsystems at path C:/Program Files/Unity/Hub/Editor/2021.3.6f1/Editor/Data/Resources/UnitySubsystems
[Subsystems] Discovering subsystems at path C:/Users/foodl/OneDrive/Documents/Full Sail/PP4/PP4-PlatformDriving/Car Tutorial/Assets
GfxDevice: creating device client; threaded=0; jobified=0
Direct3D:
    Version:  Direct3D 11.0 [level 11.1]
    Renderer: NVIDIA Quadro P5200 (ID=0x1bb5)
    Vendor:   NVIDIA
    VRAM:     16255 MB
    Driver:   30.0.14.7334
Initialize mono
Mono path[0] = 'C:/Program Files/Unity/Hub/Editor/2021.3.6f1/Editor/Data/Managed'
Mono path[1] = 'C:/Program Files/Unity/Hub/Editor/2021.3.6f1/Editor/Data/MonoBleedingEdge/lib/mono/unityjit-win32'
Mono config path = 'C:/Program Files/Unity/Hub/Editor/2021.3.6f1/Editor/Data/MonoBleedingEdge/etc'
Using monoOptions --debugger-agent=transport=dt_socket,embedding=1,server=y,suspend=n,address=127.0.0.1:56724
Begin MonoManager ReloadAssembly
Registering precompiled unity dll's ...
Register platform support module: C:/Program Files/Unity/Hub/Editor/2021.3.6f1/Editor/Data/PlaybackEngines/WindowsStandaloneSupport/UnityEditor.WindowsStandalone.Extensions.dll
Registered in 0.009380 seconds.
Native extension for WindowsStandalone target not found
Refreshing native plugins compatible for Editor in 147.35 ms, found 3 plugins.
Preloading 0 native plugins for Editor in 0.00 ms.
Mono: successfully reloaded assembly
- Completed reload, in  0.885 seconds
Domain Reload Profiling:
	ReloadAssembly (886ms)
		BeginReloadAssembly (107ms)
			ExecutionOrderSort (0ms)
			DisableScriptedObjects (0ms)
			BackupInstance (0ms)
			ReleaseScriptingObjects (0ms)
			CreateAndSetChildDomain (1ms)
		EndReloadAssembly (648ms)
			LoadAssemblies (102ms)
			RebuildTransferFunctionScriptingTraits (0ms)
			SetupTypeCache (113ms)
			ReleaseScriptCaches (0ms)
			RebuildScriptCaches (47ms)
			SetupLoadedEditorAssemblies (431ms)
				LogAssemblyErrors (0ms)
				InitializePlatformSupportModulesInManaged (10ms)
				SetLoadedEditorAssemblies (0ms)
				RefreshPlugins (147ms)
				BeforeProcessingInitializeOnLoad (1ms)
				ProcessInitializeOnLoadAttributes (178ms)
				ProcessInitializeOnLoadMethodAttributes (94ms)
				AfterProcessingInitializeOnLoad (0ms)
				EditorAssembliesLoaded (0ms)
			ExecutionOrderSort2 (0ms)
			AwakeInstancesAfterBackupRestoration (0ms)
Platform modules already initialized, skipping
Registering precompiled user dll's ...
Registered in 0.017083 seconds.
Begin MonoManager ReloadAssembly
Native extension for WindowsStandalone target not found
Refreshing native plugins compatible for Editor in 148.17 ms, found 3 plugins.
Preloading 0 native plugins for Editor in 0.00 ms.
Mono: successfully reloaded assembly
- Completed reload, in  1.748 seconds
Domain Reload Profiling:
	ReloadAssembly (1749ms)
		BeginReloadAssembly (149ms)
			ExecutionOrderSort (0ms)
			DisableScriptedObjects (6ms)
			BackupInstance (0ms)
			ReleaseScriptingObjects (0ms)
			CreateAndSetChildDomain (20ms)
		EndReloadAssembly (1431ms)
			LoadAssemblies (130ms)
			RebuildTransferFunctionScriptingTraits (0ms)
			SetupTypeCache (368ms)
			ReleaseScriptCaches (1ms)
			RebuildScriptCaches (58ms)
			SetupLoadedEditorAssemblies (801ms)
				LogAssemblyErrors (0ms)
				InitializePlatformSupportModulesInManaged (5ms)
				SetLoadedEditorAssemblies (0ms)
				RefreshPlugins (148ms)
				BeforeProcessingInitializeOnLoad (132ms)
				ProcessInitializeOnLoadAttributes (464ms)
				ProcessInitializeOnLoadMethodAttributes (41ms)
				AfterProcessingInitializeOnLoad (11ms)
				EditorAssembliesLoaded (0ms)
			ExecutionOrderSort2 (0ms)
			AwakeInstancesAfterBackupRestoration (11ms)
Platform modules already initialized, skipping
========================================================================
Worker process is ready to serve import requests
Launched and connected shader compiler UnityShaderCompiler.exe after 0.07 seconds
Refreshing native plugins compatible for Editor in 2.36 ms, found 3 plugins.
Preloading 0 native plugins for Editor in 0.00 ms.
Unloading 3965 Unused Serialized files (Serialized files now loaded: 0)
Unloading 53 unused Assets / (1.7 MB). Loaded Objects now: 4446.
Memory consumption went from 167.3 MB to 165.6 MB.
Total: 21.490900 ms (FindLiveObjects: 1.161800 ms CreateObjectMapping: 1.256900 ms MarkObjects: 17.827900 ms  DeleteObjects: 1.242700 ms)

AssetImportParameters requested are different than current active one (requested -> active):
  custom:video-decoder-ogg-theora: a1e56fd34408186e4bbccfd4996cb3dc -> 
  custom:container-muxer-webm: aa71ff27fc2769a1b78a27578f13a17b -> 
  custom:container-demuxer-webm: 4f35f7cbe854078d1ac9338744f61a02 -> 
  custom:video-encoder-webm-vp8: eb34c28f22e8b96e1ab97ce403110664 -> 
  custom:audio-encoder-webm-vorbis: bf7c407c2cedff20999df2af8eb42d56 -> 
  custom:framework-win-MediaFoundation: 216162199b28c13a410421893ffa2e32 -> 
  custom:container-demuxer-ogg: 62fdf1f143b41e24485cea50d1cbac27 -> 
  custom:video-decoder-webm-vp8: 9c59270c3fd7afecdb556c50c9e8de78 -> 
  custom:audio-decoder-ogg-vorbis: bf7c407c2cedff20999df2af8eb42d56 -> 
========================================================================
Received Import Request.
  Time since last request: 23125.011624 seconds.
  path: Assets/RoadArchitect/Mesh/Bridges/CableTest2.FBX
  artifactKey: Guid(50036b7eb5edbeb41a97c7ccf2ee8f38) Importer(815301076,1909f56bfc062723c751e8b465ee728b)
Start importing Assets/RoadArchitect/Mesh/Bridges/CableTest2.FBX using Guid(50036b7eb5edbeb41a97c7ccf2ee8f38) Importer(815301076,1909f56bfc062723c751e8b465ee728b)  -> (artifact id: '58505548ffaa753ed73a8d29e2c48f8b') in 0.289360 seconds 
========================================================================
Received Import Request.
  Time since last request: 0.000037 seconds.
  path: Assets/RoadArchitect/Mesh/Bridges/FullArchMainBeam5m.FBX
  artifactKey: Guid(b4bbaf2564b96d94982816712d415eda) Importer(815301076,1909f56bfc062723c751e8b465ee728b)
Start importing Assets/RoadArchitect/Mesh/Bridges/FullArchMainBeam5m.FBX using Guid(b4bbaf2564b96d94982816712d415eda) Importer(815301076,1909f56bfc062723c751e8b465ee728b)  -> (artifact id: '69e77b26e10e5924a34b4beb79f37231') in 0.043427 seconds 
========================================================================
Received Import Request.
  Time since last request: 0.000035 seconds.
  path: Assets/RoadArchitect/Mesh/CableBarrierPole.fbx
  artifactKey: Guid(bfc00619ce18a63438c62498aa867a40) Importer(815301076,1909f56bfc062723c751e8b465ee728b)
Start importing Assets/RoadArchitect/Mesh/CableBarrierPole.fbx using Guid(bfc00619ce18a63438c62498aa867a40) Importer(815301076,1909f56bfc062723c751e8b465ee728b)  -> (artifact id: 'a0292806b375dbd815388745a099f966') in 0.034988 seconds 
========================================================================
Received Import Request.
  Time since last request: 0.000026 seconds.
  path: Assets/Standard Assets/Environment/SpeedTree/Conifer/Conifer_Desktop.spm
  artifactKey: Guid(469edab27ab6d004d84af2c4a851bd7f) Importer(815301076,1909f56bfc062723c751e8b465ee728b)
Start importing Assets/Standard Assets/Environment/SpeedTree/Conifer/Conifer_Desktop.spm using Guid(469edab27ab6d004d84af2c4a851bd7f) Importer(815301076,1909f56bfc062723c751e8b465ee728b)  -> (artifact id: '5dfdfe75a344f527b53dca8e053edc5d') in 2.681798 seconds 
========================================================================
Received Import Request.
  Time since last request: 0.913368 seconds.
  path: Assets/APC Military Vehicle-Mobile/Prefab/Platform.prefab
  artifactKey: Guid(b022be8a73b43204bb94df0edd4ece66) Importer(815301076,1909f56bfc062723c751e8b465ee728b)
Start importing Assets/APC Military Vehicle-Mobile/Prefab/Platform.prefab using Guid(b022be8a73b43204bb94df0edd4ece66) Importer(815301076,1909f56bfc062723c751e8b465ee728b)  -> (artifact id: 'cc300e0b226965758296eb8dbac313f4') in 0.060027 seconds 
========================================================================
Received Import Request.
  Time since last request: 0.061790 seconds.
  path: Assets/RoadArchitect/Prefabs/Railings/Railing2.prefab
  artifactKey: Guid(852b84375cf62454db634d3da86dd4d4) Importer(815301076,1909f56bfc062723c751e8b465ee728b)
Start importing Assets/RoadArchitect/Prefabs/Railings/Railing2.prefab using Guid(852b84375cf62454db634d3da86dd4d4) Importer(815301076,1909f56bfc062723c751e8b465ee728b)  -> (artifact id: '209526f1784d032bad31c760abd77ae4') in 0.029737 seconds 
========================================================================
Received Import Request.
  Time since last request: 0.000041 seconds.
  path: Assets/RoadArchitect/Mesh/Railing/Railing3.FBX
  artifactKey: Guid(a3608f1fec267b94f987ed70855d9066) Importer(815301076,1909f56bfc062723c751e8b465ee728b)
Start importing Assets/RoadArchitect/Mesh/Railing/Railing3.FBX using Guid(a3608f1fec267b94f987ed70855d9066) Importer(815301076,1909f56bfc062723c751e8b465ee728b)  -> (artifact id: '7bb4366b34df435cb4c991d59b2f9b18') in 0.037344 seconds 
========================================================================
Received Import Request.
  Time since last request: 0.756044 seconds.
  path: Assets/RoadArchitect/Mesh/Railing/Railing3Light20m.FBX
  artifactKey: Guid(9c7d9d2f80573d44ea1073c16b37f761) Importer(815301076,1909f56bfc062723c751e8b465ee728b)
Start importing Assets/RoadArchitect/Mesh/Railing/Railing3Light20m.FBX using Guid(9c7d9d2f80573d44ea1073c16b37f761) Importer(815301076,1909f56bfc062723c751e8b465ee728b)  -> (artifact id: '32afea261394d6d22df7e8a6db87429e') in 0.027388 seconds 
========================================================================
Received Import Request.
  Time since last request: 0.000027 seconds.
  path: Assets/RoadArchitect/Mesh/Railing/Railing4Length20m.FBX
  artifactKey: Guid(8f07267498939e34d883ab08986f4407) Importer(815301076,1909f56bfc062723c751e8b465ee728b)
Start importing Assets/RoadArchitect/Mesh/Railing/Railing4Length20m.FBX using Guid(8f07267498939e34d883ab08986f4407) Importer(815301076,1909f56bfc062723c751e8b465ee728b)  -> (artifact id: 'f768b507737ad020b7a09b9acbc96dff') in 0.035236 seconds 
========================================================================
Received Import Request.
  Time since last request: 0.051201 seconds.
  path: Assets/RoadArchitect/Mesh/Railing/Railing4Light1Length20m.FBX
  artifactKey: Guid(6f713ea8d0f92fa429f3f0084613c51c) Importer(815301076,1909f56bfc062723c751e8b465ee728b)
Start importing Assets/RoadArchitect/Mesh/Railing/Railing4Light1Length20m.FBX using Guid(6f713ea8d0f92fa429f3f0084613c51c) Importer(815301076,1909f56bfc062723c751e8b465ee728b)  -> (artifact id: 'bf32704834ce65a57248a7bcec179ef8') in 0.022455 seconds 
========================================================================
Received Import Request.
  Time since last request: 0.000032 seconds.
  path: Assets/RoadArchitect/Mesh/Railing/Railing5Post.FBX
  artifactKey: Guid(af1393c97f17c13409151de6bd023b12) Importer(815301076,1909f56bfc062723c751e8b465ee728b)
Start importing Assets/RoadArchitect/Mesh/Railing/Railing5Post.FBX using Guid(af1393c97f17c13409151de6bd023b12) Importer(815301076,1909f56bfc062723c751e8b465ee728b)  -> (artifact id: 'f49539ac91c67b2d24b0e16f91c7b462') in 0.034181 seconds 
========================================================================
Received Import Request.
  Time since last request: 0.000037 seconds.
  path: Assets/RoadArchitect/Mesh/Railing/Railing6Double5M.fbx
  artifactKey: Guid(b7749d30cf6f23d469d4cc0e5b02ebed) Importer(815301076,1909f56bfc062723c751e8b465ee728b)
Start importing Assets/RoadArchitect/Mesh/Railing/Railing6Double5M.fbx using Guid(b7749d30cf6f23d469d4cc0e5b02ebed) Importer(815301076,1909f56bfc062723c751e8b465ee728b)  -> (artifact id: '45a605e80c5fda2d8633a0deb4daa6b2') in 0.038108 seconds 
========================================================================
Received Import Request.
  Time since last request: 1.210932 seconds.
  path: Assets/RoadArchitect/Mesh/Railing/Railing6Double20M.FBX
  artifactKey: Guid(556567e5a8383714dadadc48fcd2ab85) Importer(815301076,1909f56bfc062723c751e8b465ee728b)
Start importing Assets/RoadArchitect/Mesh/Railing/Railing6Double20M.FBX using Guid(556567e5a8383714dadadc48fcd2ab85) Importer(815301076,1909f56bfc062723c751e8b465ee728b)  -> (artifact id: '50d7894bf26cf5a363d2cbdf1ead825a') in 0.032517 seconds 
========================================================================
Received Import Request.
  Time since last request: 0.000031 seconds.
  path: Assets/RoadArchitect/Prefabs/Railings/Railing7Pole10m.prefab
  artifactKey: Guid(1d00b08a65129bb4892b71565094099d) Importer(815301076,1909f56bfc062723c751e8b465ee728b)
Start importing Assets/RoadArchitect/Prefabs/Railings/Railing7Pole10m.prefab using Guid(1d00b08a65129bb4892b71565094099d) Importer(815301076,1909f56bfc062723c751e8b465ee728b)  -> (artifact id: 'd093c4ca64704eff7ff6f8a9b08ecada') in 0.070830 seconds 
========================================================================
Received Import Request.
  Time since last request: 0.061346 seconds.
  path: Assets/RoadArchitect/Mesh/Railing/Railing7Pole10m.FBX
  artifactKey: Guid(9c87d9a25e6e4c748afd3692f1a10e1a) Importer(815301076,1909f56bfc062723c751e8b465ee728b)
Start importing Assets/RoadArchitect/Mesh/Railing/Railing7Pole10m.FBX using Guid(9c87d9a25e6e4c748afd3692f1a10e1a) Importer(815301076,1909f56bfc062723c751e8b465ee728b)  -> (artifact id: 'd445910ca5b06d7c3358705f8f59d38c') in 0.029059 seconds 
========================================================================
Received Import Request.
  Time since last request: 0.000051 seconds.
  path: Assets/RoadArchitect/Mesh/Railing/Railing8.fbx
  artifactKey: Guid(0cf7cf7da7f98894aae4d4b95f65e336) Importer(815301076,1909f56bfc062723c751e8b465ee728b)
Start importing Assets/RoadArchitect/Mesh/Railing/Railing8.fbx using Guid(0cf7cf7da7f98894aae4d4b95f65e336) Importer(815301076,1909f56bfc062723c751e8b465ee728b)  -> (artifact id: '9b97e332c80cb0c85697706f0fb826b3') in 0.030887 seconds 
========================================================================
Received Import Request.
  Time since last request: 0.000050 seconds.
  path: Assets/RoadArchitect/Mesh/Railing/RailingBase2.FBX
  artifactKey: Guid(3f2fa2e77a8f04a4c9f70f70fc7ee512) Importer(815301076,1909f56bfc062723c751e8b465ee728b)
Start importing Assets/RoadArchitect/Mesh/Railing/RailingBase2.FBX using Guid(3f2fa2e77a8f04a4c9f70f70fc7ee512) Importer(815301076,1909f56bfc062723c751e8b465ee728b)  -> (artifact id: '010d700a31cdb0269acb87926f21b4c5') in 0.033449 seconds 
========================================================================
Received Import Request.
  Time since last request: 0.000048 seconds.
  path: Assets/RoadArchitect/Mesh/Railing/RailingBase1Cap.FBX
  artifactKey: Guid(963fe5c6460dfc14c936e6177450b7a7) Importer(815301076,1909f56bfc062723c751e8b465ee728b)
Start importing Assets/RoadArchitect/Mesh/Railing/RailingBase1Cap.FBX using Guid(963fe5c6460dfc14c936e6177450b7a7) Importer(815301076,1909f56bfc062723c751e8b465ee728b)  -> (artifact id: 'af9b81efa0655e75675c1ac86a4adb80') in 0.057056 seconds 
========================================================================
Received Import Request.
  Time since last request: 0.341275 seconds.
  path: Assets/RoadArchitect/Mesh/Interactive/RoadBarrel.fbx
  artifactKey: Guid(86b9d4eb3833ed44abbebc510a4f8cd6) Importer(815301076,1909f56bfc062723c751e8b465ee728b)
Start importing Assets/RoadArchitect/Mesh/Interactive/RoadBarrel.fbx using Guid(86b9d4eb3833ed44abbebc510a4f8cd6) Importer(815301076,1909f56bfc062723c751e8b465ee728b)  -> (artifact id: '3b2bc05d4421aa9f54ea14f828fcfeac') in 0.027546 seconds 
========================================================================
Received Import Request.
  Time since last request: 0.000026 seconds.
  path: Assets/RoadArchitect/Prefabs/Interactive/RoadBarrelRigid7.prefab
  artifactKey: Guid(f05057828bbd7d0489d895d7a6c0f71d) Importer(815301076,1909f56bfc062723c751e8b465ee728b)
Start importing Assets/RoadArchitect/Prefabs/Interactive/RoadBarrelRigid7.prefab using Guid(f05057828bbd7d0489d895d7a6c0f71d) Importer(815301076,1909f56bfc062723c751e8b465ee728b)  -> (artifact id: 'dea46f4030ae3ae81b903f8b52e669bd') in 0.029993 seconds 
========================================================================
Received Import Request.
  Time since last request: 0.018670 seconds.
  path: Assets/RoadArchitect/Prefabs/Interactive/RoadBarrelStatic.prefab
  artifactKey: Guid(e5f375d51dccc394b99ef9a6bbeae308) Importer(815301076,1909f56bfc062723c751e8b465ee728b)
Start importing Assets/RoadArchitect/Prefabs/Interactive/RoadBarrelStatic.prefab using Guid(e5f375d51dccc394b99ef9a6bbeae308) Importer(815301076,1909f56bfc062723c751e8b465ee728b)  -> (artifact id: '3038186b3b7595421dad7f7eba5659e5') in 0.022832 seconds 
========================================================================
Received Import Request.
  Time since last request: 0.000028 seconds.
  path: Assets/RoadArchitect/Mesh/Interactive/RoadConBarrel.FBX
  artifactKey: Guid(d4fed3d16b2fe0e49b53d5e60ada59fa) Importer(815301076,1909f56bfc062723c751e8b465ee728b)
Start importing Assets/RoadArchitect/Mesh/Interactive/RoadConBarrel.FBX using Guid(d4fed3d16b2fe0e49b53d5e60ada59fa) Importer(815301076,1909f56bfc062723c751e8b465ee728b)  -> (artifact id: '8c21d551191d45ee2f6ff6d0316aec47') in 0.036414 seconds 
========================================================================
Received Import Request.
  Time since last request: 0.020535 seconds.
  path: Assets/RoadArchitect/Mesh/Signs/RoadReflector.FBX
  artifactKey: Guid(c3a1e743a0a9eaa4f91ba0f2c7f3f234) Importer(815301076,1909f56bfc062723c751e8b465ee728b)
Start importing Assets/RoadArchitect/Mesh/Signs/RoadReflector.FBX using Guid(c3a1e743a0a9eaa4f91ba0f2c7f3f234) Importer(815301076,1909f56bfc062723c751e8b465ee728b)  -> (artifact id: 'a00d32bdc6fd7d791160af46993566d1') in 0.040092 seconds 
========================================================================
Received Import Request.
  Time since last request: 0.000038 seconds.
  path: Assets/RoadArchitect/Prefabs/Sidewalk.prefab
  artifactKey: Guid(e531c3de6aaa1ac42ae95709665658ca) Importer(815301076,1909f56bfc062723c751e8b465ee728b)
Start importing Assets/RoadArchitect/Prefabs/Sidewalk.prefab using Guid(e531c3de6aaa1ac42ae95709665658ca) Importer(815301076,1909f56bfc062723c751e8b465ee728b)  -> (artifact id: 'fc1f432ce89233803d310aa9d1a97136') in 0.813385 seconds 
========================================================================
Received Import Request.
  Time since last request: 0.000039 seconds.
  path: Assets/RoadArchitect/Mesh/Signs/FedSigns/Sign988Small.FBX
  artifactKey: Guid(251c8310bad9b584bb81fc6434456a71) Importer(815301076,1909f56bfc062723c751e8b465ee728b)
Start importing Assets/RoadArchitect/Mesh/Signs/FedSigns/Sign988Small.FBX using Guid(251c8310bad9b584bb81fc6434456a71) Importer(815301076,1909f56bfc062723c751e8b465ee728b)  -> (artifact id: '9fb5b169fc1ce54751450182edcd033b') in 0.040520 seconds 
========================================================================
Received Import Request.
  Time since last request: 0.000039 seconds.
  path: Assets/RoadArchitect/Prefabs/Signs/SignRightTurnOnly.prefab
  artifactKey: Guid(84a3f30b2bd1a424eb4fdec575db4a3d) Importer(815301076,1909f56bfc062723c751e8b465ee728b)
Start importing Assets/RoadArchitect/Prefabs/Signs/SignRightTurnOnly.prefab using Guid(84a3f30b2bd1a424eb4fdec575db4a3d) Importer(815301076,1909f56bfc062723c751e8b465ee728b)  -> (artifact id: 'bdf22b3976a45ad5bda5ce281b106d4e') in 0.051838 seconds 
========================================================================
Received Import Request.
  Time since last request: 0.000138 seconds.
  path: Assets/RoadArchitect/Mesh/Signs/StreetLightSingle.fbx
  artifactKey: Guid(c808b575f6ad90d49bb3dc11c6d728d1) Importer(815301076,1909f56bfc062723c751e8b465ee728b)
Start importing Assets/RoadArchitect/Mesh/Signs/StreetLightSingle.fbx using Guid(c808b575f6ad90d49bb3dc11c6d728d1) Importer(815301076,1909f56bfc062723c751e8b465ee728b)  -> (artifact id: 'f6cbe7714cf80143958fcd0fc0ff983d') in 0.045023 seconds 
========================================================================
Received Import Request.
  Time since last request: 0.000051 seconds.
  path: Assets/RoadArchitect/Prefabs/Signs/StreetLightSingle.prefab
  artifactKey: Guid(b058c42fc7d431541b009cba82d306a8) Importer(815301076,1909f56bfc062723c751e8b465ee728b)
Start importing Assets/RoadArchitect/Prefabs/Signs/StreetLightSingle.prefab using Guid(b058c42fc7d431541b009cba82d306a8) Importer(815301076,1909f56bfc062723c751e8b465ee728b)  -> (artifact id: '9636c13901d41e4d1e346d0a55a7ef07') in 0.035559 seconds 
========================================================================
Received Import Request.
  Time since last request: 0.000030 seconds.
  path: Assets/RoadArchitect/Mesh/Bridges/SteelBeamBase.FBX
  artifactKey: Guid(c4e2d45045a03704d8e4a87a6ad0244b) Importer(815301076,1909f56bfc062723c751e8b465ee728b)
Start importing Assets/RoadArchitect/Mesh/Bridges/SteelBeamBase.FBX using Guid(c4e2d45045a03704d8e4a87a6ad0244b) Importer(815301076,1909f56bfc062723c751e8b465ee728b)  -> (artifact id: '515a5e7362fd043f1371a250033b1a8f') in 0.039995 seconds 
========================================================================
Received Import Request.
  Time since last request: 0.369312 seconds.
  path: Assets/RoadArchitect/Mesh/Bridges/SuspBridgeBase2Lanes.FBX
  artifactKey: Guid(b30386af92cfdca429f467d2c9f90903) Importer(815301076,1909f56bfc062723c751e8b465ee728b)
Start importing Assets/RoadArchitect/Mesh/Bridges/SuspBridgeBase2Lanes.FBX using Guid(b30386af92cfdca429f467d2c9f90903) Importer(815301076,1909f56bfc062723c751e8b465ee728b)  -> (artifact id: 'b747c8ea031305f1ac1ba81a8ece1fec') in 0.028150 seconds 
========================================================================
Received Import Request.
  Time since last request: 0.000034 seconds.
  path: Assets/RoadArchitect/Mesh/Bridges/SuspBridgeBase2Lanes40MCap.FBX
  artifactKey: Guid(714a4edf85caa864d99861a47abb95b8) Importer(815301076,1909f56bfc062723c751e8b465ee728b)
Start importing Assets/RoadArchitect/Mesh/Bridges/SuspBridgeBase2Lanes40MCap.FBX using Guid(714a4edf85caa864d99861a47abb95b8) Importer(815301076,1909f56bfc062723c751e8b465ee728b)  -> (artifact id: 'dac449354825353029d67ea84b340da5') in 0.040791 seconds 
========================================================================
Received Import Request.
  Time since last request: 0.010132 seconds.
  path: Assets/RoadArchitect/Mesh/Bridges/SuspBridgeBase4Lanes40M.FBX
  artifactKey: Guid(ce7d91535480e9344a4be467e10d462d) Importer(815301076,1909f56bfc062723c751e8b465ee728b)
Start importing Assets/RoadArchitect/Mesh/Bridges/SuspBridgeBase4Lanes40M.FBX using Guid(ce7d91535480e9344a4be467e10d462d) Importer(815301076,1909f56bfc062723c751e8b465ee728b)  -> (artifact id: 'b41f693f432aec60beb30a014523c87f') in 0.048423 seconds 
========================================================================
Received Import Request.
  Time since last request: 0.000044 seconds.
  path: Assets/RoadArchitect/Mesh/Bridges/SuspBridgeBase6Lanes10M.FBX
  artifactKey: Guid(9bd04f106fc2d2c4fb1134b90e1cc4f2) Importer(815301076,1909f56bfc062723c751e8b465ee728b)
Start importing Assets/RoadArchitect/Mesh/Bridges/SuspBridgeBase6Lanes10M.FBX using Guid(9bd04f106fc2d2c4fb1134b90e1cc4f2) Importer(815301076,1909f56bfc062723c751e8b465ee728b)  -> (artifact id: 'bdecc84ad498b6c7f016a02acc7066e9') in 0.040719 seconds 
========================================================================
Received Import Request.
  Time since last request: 0.018534 seconds.
  path: Assets/RoadArchitect/Mesh/Bridges/SuspBridgeCable1.FBX
  artifactKey: Guid(ea091a0188808364a94152dfd5bd456c) Importer(815301076,1909f56bfc062723c751e8b465ee728b)
Start importing Assets/RoadArchitect/Mesh/Bridges/SuspBridgeCable1.FBX using Guid(ea091a0188808364a94152dfd5bd456c) Importer(815301076,1909f56bfc062723c751e8b465ee728b)  -> (artifact id: 'bfeec5f2c6865f2ffe615b118875fb44') in 0.037265 seconds 
========================================================================
Received Import Request.
  Time since last request: 0.000027 seconds.
  path: Assets/RoadArchitect/Mesh/Bridges/SuspBridgeGrid6Lanes.FBX
  artifactKey: Guid(6d656bb577bc15d4b8825790217f62c3) Importer(815301076,1909f56bfc062723c751e8b465ee728b)
Start importing Assets/RoadArchitect/Mesh/Bridges/SuspBridgeGrid6Lanes.FBX using Guid(6d656bb577bc15d4b8825790217f62c3) Importer(815301076,1909f56bfc062723c751e8b465ee728b)  -> (artifact id: '048a51645736b19f68d784e577d2d1e2') in 0.040967 seconds 
========================================================================
Received Import Request.
  Time since last request: 0.040401 seconds.
  path: Assets/RoadArchitect/Prefabs/Bridges/SuspBridgePillarSmall-6L.prefab
  artifactKey: Guid(dd560ce754de6624abb57ba9ef610e2c) Importer(815301076,1909f56bfc062723c751e8b465ee728b)
Start importing Assets/RoadArchitect/Prefabs/Bridges/SuspBridgePillarSmall-6L.prefab using Guid(dd560ce754de6624abb57ba9ef610e2c) Importer(815301076,1909f56bfc062723c751e8b465ee728b)  -> (artifact id: '2ec32dc73003dfead578b0aee40e3192') in 0.030398 seconds 
========================================================================
Received Import Request.
  Time since last request: 0.000036 seconds.
  path: Assets/RoadArchitect/Mesh/Interactive/TrafficCone.fbx
  artifactKey: Guid(d1742a857b175784998a56ebe12a81ae) Importer(815301076,1909f56bfc062723c751e8b465ee728b)
Start importing Assets/RoadArchitect/Mesh/Interactive/TrafficCone.fbx using Guid(d1742a857b175784998a56ebe12a81ae) Importer(815301076,1909f56bfc062723c751e8b465ee728b)  -> (artifact id: '5a9bbedca0b6483e4b97dc78e6902186') in 0.042200 seconds 
========================================================================
Received Import Request.
  Time since last request: 0.074507 seconds.
  path: Assets/RoadArchitect/Prefabs/Interactive/TrafficConeRigid.prefab
  artifactKey: Guid(18e776b235831ba4aa36a3262553a5c6) Importer(815301076,1909f56bfc062723c751e8b465ee728b)
Start importing Assets/RoadArchitect/Prefabs/Interactive/TrafficConeRigid.prefab using Guid(18e776b235831ba4aa36a3262553a5c6) Importer(815301076,1909f56bfc062723c751e8b465ee728b)  -> (artifact id: '9a512c32b3579b0a6503c4792ebab309') in 0.314149 seconds 
========================================================================
Received Import Request.
  Time since last request: 0.065496 seconds.
  path: Assets/RoadArchitect/Prefabs/Signs/TrafficLightLeftYield.prefab
  artifactKey: Guid(7c94b9f7651a9c94694ab39429fa9e26) Importer(815301076,1909f56bfc062723c751e8b465ee728b)
Start importing Assets/RoadArchitect/Prefabs/Signs/TrafficLightLeftYield.prefab using Guid(7c94b9f7651a9c94694ab39429fa9e26) Importer(815301076,1909f56bfc062723c751e8b465ee728b)  -> (artifact id: '821bd567c2b3aa3adb6eada1e6ad3b3e') in 0.579500 seconds 
========================================================================
Received Import Request.
  Time since last request: 0.570348 seconds.
  path: Assets/RoadArchitect/Prefabs/Interactive/WarningSignStatic.prefab
  artifactKey: Guid(9ec7dcea655dfa441ae8a2a371ed0b42) Importer(815301076,1909f56bfc062723c751e8b465ee728b)
Start importing Assets/RoadArchitect/Prefabs/Interactive/WarningSignStatic.prefab using Guid(9ec7dcea655dfa441ae8a2a371ed0b42) Importer(815301076,1909f56bfc062723c751e8b465ee728b)  -> (artifact id: '70c161c3d7d767a11f1e73718fa3535f') in 0.032770 seconds 
========================================================================
Received Import Request.
  Time since last request: 0.000030 seconds.
  path: Assets/RoadArchitect/Mesh/WBeam4.fbx
  artifactKey: Guid(a47cfb0c957beda459ddcd55d08458ba) Importer(815301076,1909f56bfc062723c751e8b465ee728b)
Start importing Assets/RoadArchitect/Mesh/WBeam4.fbx using Guid(a47cfb0c957beda459ddcd55d08458ba) Importer(815301076,1909f56bfc062723c751e8b465ee728b)  -> (artifact id: '87329bd8f0a7e865e041928872f9e7a3') in 0.035511 seconds 
========================================================================
Received Import Request.
  Time since last request: 0.000024 seconds.
  path: Assets/RoadArchitect/Prefabs/Signs/YieldOnGreenSign.prefab
  artifactKey: Guid(2f41ac84934496d49ae9780f2f3ec00a) Importer(815301076,1909f56bfc062723c751e8b465ee728b)
Start importing Assets/RoadArchitect/Prefabs/Signs/YieldOnGreenSign.prefab using Guid(2f41ac84934496d49ae9780f2f3ec00a) Importer(815301076,1909f56bfc062723c751e8b465ee728b)  -> (artifact id: 'e605aa46f048480967fa447ee9ed7f00') in 0.171289 seconds 
========================================================================
Received Prepare
Registering precompiled user dll's ...
Registered in 0.009186 seconds.
Begin MonoManager ReloadAssembly
Native extension for WindowsStandalone target not found
Refreshing native plugins compatible for Editor in 1.65 ms, found 3 plugins.
Preloading 0 native plugins for Editor in 0.00 ms.
Mono: successfully reloaded assembly
- Completed reload, in  1.756 seconds
Domain Reload Profiling:
	ReloadAssembly (1756ms)
		BeginReloadAssembly (170ms)
			ExecutionOrderSort (0ms)
			DisableScriptedObjects (6ms)
			BackupInstance (0ms)
			ReleaseScriptingObjects (0ms)
			CreateAndSetChildDomain (45ms)
		EndReloadAssembly (1466ms)
			LoadAssemblies (110ms)
			RebuildTransferFunctionScriptingTraits (0ms)
			SetupTypeCache (485ms)
			ReleaseScriptCaches (2ms)
			RebuildScriptCaches (73ms)
			SetupLoadedEditorAssemblies (709ms)
				LogAssemblyErrors (0ms)
				InitializePlatformSupportModulesInManaged (21ms)
				SetLoadedEditorAssemblies (1ms)
				RefreshPlugins (2ms)
				BeforeProcessingInitializeOnLoad (112ms)
				ProcessInitializeOnLoadAttributes (517ms)
				ProcessInitializeOnLoadMethodAttributes (41ms)
				AfterProcessingInitializeOnLoad (15ms)
				EditorAssembliesLoaded (1ms)
			ExecutionOrderSort2 (0ms)
			AwakeInstancesAfterBackupRestoration (11ms)
Platform modules already initialized, skipping
Refreshing native plugins compatible for Editor in 4.55 ms, found 3 plugins.
Preloading 0 native plugins for Editor in 0.00 ms.
Unloading 3916 Unused Serialized files (Serialized files now loaded: 0)
Unloading 34 unused Assets / (1.7 MB). Loaded Objects now: 4464.
Memory consumption went from 172.6 MB to 170.8 MB.
Total: 6.170200 ms (FindLiveObjects: 0.995800 ms CreateObjectMapping: 0.264600 ms MarkObjects: 4.301500 ms  DeleteObjects: 0.607000 ms)

AssetImportParameters requested are different than current active one (requested -> active):
  custom:video-decoder-ogg-theora: a1e56fd34408186e4bbccfd4996cb3dc -> 
  custom:container-muxer-webm: aa71ff27fc2769a1b78a27578f13a17b -> 
  custom:container-demuxer-webm: 4f35f7cbe854078d1ac9338744f61a02 -> 
  custom:video-encoder-webm-vp8: eb34c28f22e8b96e1ab97ce403110664 -> 
  custom:audio-encoder-webm-vorbis: bf7c407c2cedff20999df2af8eb42d56 -> 
  custom:framework-win-MediaFoundation: 216162199b28c13a410421893ffa2e32 -> 
  custom:container-demuxer-ogg: 62fdf1f143b41e24485cea50d1cbac27 -> 
  custom:video-decoder-webm-vp8: 9c59270c3fd7afecdb556c50c9e8de78 -> 
  custom:audio-decoder-ogg-vorbis: bf7c407c2cedff20999df2af8eb42d56 -> 
========================================================================
Received Prepare
Registering precompiled user dll's ...
Registered in 0.008554 seconds.
Begin MonoManager ReloadAssembly
Native extension for WindowsStandalone target not found
Refreshing native plugins compatible for Editor in 1.38 ms, found 3 plugins.
Preloading 0 native plugins for Editor in 0.00 ms.
Mono: successfully reloaded assembly
- Completed reload, in  1.434 seconds
Domain Reload Profiling:
	ReloadAssembly (1435ms)
		BeginReloadAssembly (168ms)
			ExecutionOrderSort (0ms)
			DisableScriptedObjects (6ms)
			BackupInstance (0ms)
			ReleaseScriptingObjects (0ms)
			CreateAndSetChildDomain (46ms)
		EndReloadAssembly (1135ms)
			LoadAssemblies (123ms)
			RebuildTransferFunctionScriptingTraits (0ms)
			SetupTypeCache (359ms)
			ReleaseScriptCaches (2ms)
			RebuildScriptCaches (53ms)
			SetupLoadedEditorAssemblies (548ms)
				LogAssemblyErrors (0ms)
				InitializePlatformSupportModulesInManaged (17ms)
				SetLoadedEditorAssemblies (1ms)
				RefreshPlugins (1ms)
				BeforeProcessingInitializeOnLoad (90ms)
				ProcessInitializeOnLoadAttributes (396ms)
				ProcessInitializeOnLoadMethodAttributes (32ms)
				AfterProcessingInitializeOnLoad (10ms)
				EditorAssembliesLoaded (0ms)
			ExecutionOrderSort2 (0ms)
			AwakeInstancesAfterBackupRestoration (8ms)
Platform modules already initialized, skipping
Refreshing native plugins compatible for Editor in 3.09 ms, found 3 plugins.
Preloading 0 native plugins for Editor in 0.00 ms.
Unloading 3916 Unused Serialized files (Serialized files now loaded: 0)
Unloading 34 unused Assets / (1.7 MB). Loaded Objects now: 4467.
Memory consumption went from 172.6 MB to 170.8 MB.
Total: 6.844500 ms (FindLiveObjects: 0.934500 ms CreateObjectMapping: 0.824000 ms MarkObjects: 4.352400 ms  DeleteObjects: 0.731300 ms)

AssetImportParameters requested are different than current active one (requested -> active):
  custom:video-decoder-ogg-theora: a1e56fd34408186e4bbccfd4996cb3dc -> 
  custom:container-muxer-webm: aa71ff27fc2769a1b78a27578f13a17b -> 
  custom:container-demuxer-webm: 4f35f7cbe854078d1ac9338744f61a02 -> 
  custom:video-encoder-webm-vp8: eb34c28f22e8b96e1ab97ce403110664 -> 
  custom:audio-encoder-webm-vorbis: bf7c407c2cedff20999df2af8eb42d56 -> 
  custom:framework-win-MediaFoundation: 216162199b28c13a410421893ffa2e32 -> 
  custom:container-demuxer-ogg: 62fdf1f143b41e24485cea50d1cbac27 -> 
  custom:video-decoder-webm-vp8: 9c59270c3fd7afecdb556c50c9e8de78 -> 
  custom:audio-decoder-ogg-vorbis: bf7c407c2cedff20999df2af8eb42d56 -> 
========================================================================
Received Prepare
Registering precompiled user dll's ...
Registered in 0.009479 seconds.
Begin MonoManager ReloadAssembly
Native extension for WindowsStandalone target not found
Refreshing native plugins compatible for Editor in 1.82 ms, found 3 plugins.
Preloading 0 native plugins for Editor in 0.00 ms.
Mono: successfully reloaded assembly
- Completed reload, in  1.496 seconds
Domain Reload Profiling:
	ReloadAssembly (1497ms)
		BeginReloadAssembly (159ms)
			ExecutionOrderSort (0ms)
			DisableScriptedObjects (6ms)
			BackupInstance (0ms)
			ReleaseScriptingObjects (0ms)
			CreateAndSetChildDomain (44ms)
		EndReloadAssembly (1217ms)
			LoadAssemblies (108ms)
			RebuildTransferFunctionScriptingTraits (0ms)
			SetupTypeCache (357ms)
			ReleaseScriptCaches (1ms)
			RebuildScriptCaches (48ms)
			SetupLoadedEditorAssemblies (621ms)
				LogAssemblyErrors (0ms)
				InitializePlatformSupportModulesInManaged (18ms)
				SetLoadedEditorAssemblies (1ms)
				RefreshPlugins (2ms)
				BeforeProcessingInitializeOnLoad (100ms)
				ProcessInitializeOnLoadAttributes (450ms)
				ProcessInitializeOnLoadMethodAttributes (38ms)
				AfterProcessingInitializeOnLoad (13ms)
				EditorAssembliesLoaded (0ms)
			ExecutionOrderSort2 (0ms)
			AwakeInstancesAfterBackupRestoration (8ms)
Platform modules already initialized, skipping
Refreshing native plugins compatible for Editor in 3.40 ms, found 3 plugins.
Preloading 0 native plugins for Editor in 0.00 ms.
Unloading 3916 Unused Serialized files (Serialized files now loaded: 0)
Unloading 34 unused Assets / (1.7 MB). Loaded Objects now: 4470.
Memory consumption went from 172.6 MB to 170.9 MB.
Total: 5.444100 ms (FindLiveObjects: 0.578900 ms CreateObjectMapping: 0.391000 ms MarkObjects: 4.016100 ms  DeleteObjects: 0.456600 ms)

AssetImportParameters requested are different than current active one (requested -> active):
  custom:video-decoder-ogg-theora: a1e56fd34408186e4bbccfd4996cb3dc -> 
  custom:container-muxer-webm: aa71ff27fc2769a1b78a27578f13a17b -> 
  custom:container-demuxer-webm: 4f35f7cbe854078d1ac9338744f61a02 -> 
  custom:video-encoder-webm-vp8: eb34c28f22e8b96e1ab97ce403110664 -> 
  custom:audio-encoder-webm-vorbis: bf7c407c2cedff20999df2af8eb42d56 -> 
  custom:framework-win-MediaFoundation: 216162199b28c13a410421893ffa2e32 -> 
  custom:container-demuxer-ogg: 62fdf1f143b41e24485cea50d1cbac27 -> 
  custom:video-decoder-webm-vp8: 9c59270c3fd7afecdb556c50c9e8de78 -> 
  custom:audio-decoder-ogg-vorbis: bf7c407c2cedff20999df2af8eb42d56 -> 
========================================================================
Received Prepare
Registering precompiled user dll's ...
Registered in 0.009142 seconds.
Begin MonoManager ReloadAssembly
Native extension for WindowsStandalone target not found
Refreshing native plugins compatible for Editor in 1.24 ms, found 3 plugins.
Preloading 0 native plugins for Editor in 0.00 ms.
Mono: successfully reloaded assembly
- Completed reload, in  1.567 seconds
Domain Reload Profiling:
	ReloadAssembly (1568ms)
		BeginReloadAssembly (166ms)
			ExecutionOrderSort (0ms)
			DisableScriptedObjects (7ms)
			BackupInstance (0ms)
			ReleaseScriptingObjects (0ms)
			CreateAndSetChildDomain (43ms)
		EndReloadAssembly (1281ms)
			LoadAssemblies (112ms)
			RebuildTransferFunctionScriptingTraits (0ms)
			SetupTypeCache (339ms)
			ReleaseScriptCaches (3ms)
			RebuildScriptCaches (69ms)
			SetupLoadedEditorAssemblies (681ms)
				LogAssemblyErrors (0ms)
				InitializePlatformSupportModulesInManaged (23ms)
				SetLoadedEditorAssemblies (1ms)
				RefreshPlugins (1ms)
				BeforeProcessingInitializeOnLoad (115ms)
				ProcessInitializeOnLoadAttributes (488ms)
				ProcessInitializeOnLoadMethodAttributes (40ms)
				AfterProcessingInitializeOnLoad (12ms)
				EditorAssembliesLoaded (0ms)
			ExecutionOrderSort2 (0ms)
			AwakeInstancesAfterBackupRestoration (8ms)
Platform modules already initialized, skipping
Refreshing native plugins compatible for Editor in 5.49 ms, found 3 plugins.
Preloading 0 native plugins for Editor in 0.00 ms.
Unloading 3916 Unused Serialized files (Serialized files now loaded: 0)
Unloading 34 unused Assets / (1.7 MB). Loaded Objects now: 4473.
Memory consumption went from 172.6 MB to 170.9 MB.
Total: 6.023000 ms (FindLiveObjects: 0.438900 ms CreateObjectMapping: 0.945800 ms MarkObjects: 3.976500 ms  DeleteObjects: 0.658300 ms)

AssetImportParameters requested are different than current active one (requested -> active):
  custom:video-decoder-ogg-theora: a1e56fd34408186e4bbccfd4996cb3dc -> 
  custom:container-muxer-webm: aa71ff27fc2769a1b78a27578f13a17b -> 
  custom:container-demuxer-webm: 4f35f7cbe854078d1ac9338744f61a02 -> 
  custom:video-encoder-webm-vp8: eb34c28f22e8b96e1ab97ce403110664 -> 
  custom:audio-encoder-webm-vorbis: bf7c407c2cedff20999df2af8eb42d56 -> 
  custom:framework-win-MediaFoundation: 216162199b28c13a410421893ffa2e32 -> 
  custom:container-demuxer-ogg: 62fdf1f143b41e24485cea50d1cbac27 -> 
  custom:video-decoder-webm-vp8: 9c59270c3fd7afecdb556c50c9e8de78 -> 
  custom:audio-decoder-ogg-vorbis: bf7c407c2cedff20999df2af8eb42d56 -> 
========================================================================
Received Prepare
Registering precompiled user dll's ...
Registered in 0.008728 seconds.
Begin MonoManager ReloadAssembly
Native extension for WindowsStandalone target not found
Refreshing native plugins compatible for Editor in 1.45 ms, found 3 plugins.
Preloading 0 native plugins for Editor in 0.00 ms.
Mono: successfully reloaded assembly
- Completed reload, in  1.573 seconds
Domain Reload Profiling:
	ReloadAssembly (1574ms)
		BeginReloadAssembly (164ms)
			ExecutionOrderSort (0ms)
			DisableScriptedObjects (6ms)
			BackupInstance (0ms)
			ReleaseScriptingObjects (0ms)
			CreateAndSetChildDomain (47ms)
		EndReloadAssembly (1292ms)
			LoadAssemblies (108ms)
			RebuildTransferFunctionScriptingTraits (0ms)
			SetupTypeCache (375ms)
			ReleaseScriptCaches (2ms)
			RebuildScriptCaches (59ms)
			SetupLoadedEditorAssemblies (669ms)
				LogAssemblyErrors (0ms)
				InitializePlatformSupportModulesInManaged (17ms)
				SetLoadedEditorAssemblies (1ms)
				RefreshPlugins (2ms)
				BeforeProcessingInitializeOnLoad (111ms)
				ProcessInitializeOnLoadAttributes (477ms)
				ProcessInitializeOnLoadMethodAttributes (47ms)
				AfterProcessingInitializeOnLoad (14ms)
				EditorAssembliesLoaded (0ms)
			ExecutionOrderSort2 (0ms)
			AwakeInstancesAfterBackupRestoration (8ms)
Platform modules already initialized, skipping
Refreshing native plugins compatible for Editor in 5.33 ms, found 3 plugins.
Preloading 0 native plugins for Editor in 0.00 ms.
Unloading 3916 Unused Serialized files (Serialized files now loaded: 0)
Unloading 34 unused Assets / (1.7 MB). Loaded Objects now: 4476.
Memory consumption went from 172.6 MB to 170.9 MB.
Total: 5.371200 ms (FindLiveObjects: 0.455300 ms CreateObjectMapping: 0.299500 ms MarkObjects: 4.154900 ms  DeleteObjects: 0.459800 ms)

AssetImportParameters requested are different than current active one (requested -> active):
  custom:video-decoder-ogg-theora: a1e56fd34408186e4bbccfd4996cb3dc -> 
  custom:container-muxer-webm: aa71ff27fc2769a1b78a27578f13a17b -> 
  custom:container-demuxer-webm: 4f35f7cbe854078d1ac9338744f61a02 -> 
  custom:video-encoder-webm-vp8: eb34c28f22e8b96e1ab97ce403110664 -> 
  custom:audio-encoder-webm-vorbis: bf7c407c2cedff20999df2af8eb42d56 -> 
  custom:framework-win-MediaFoundation: 216162199b28c13a410421893ffa2e32 -> 
  custom:container-demuxer-ogg: 62fdf1f143b41e24485cea50d1cbac27 -> 
  custom:video-decoder-webm-vp8: 9c59270c3fd7afecdb556c50c9e8de78 -> 
  custom:audio-decoder-ogg-vorbis: bf7c407c2cedff20999df2af8eb42d56 -> 
========================================================================
Received Prepare
Registering precompiled user dll's ...
Registered in 0.008666 seconds.
Begin MonoManager ReloadAssembly
Native extension for WindowsStandalone target not found
Refreshing native plugins compatible for Editor in 1.02 ms, found 3 plugins.
Preloading 0 native plugins for Editor in 0.00 ms.
Mono: successfully reloaded assembly
- Completed reload, in  1.573 seconds
Domain Reload Profiling:
	ReloadAssembly (1574ms)
		BeginReloadAssembly (162ms)
			ExecutionOrderSort (0ms)
			DisableScriptedObjects (7ms)
			BackupInstance (0ms)
			ReleaseScriptingObjects (0ms)
			CreateAndSetChildDomain (42ms)
		EndReloadAssembly (1288ms)
			LoadAssemblies (108ms)
			RebuildTransferFunctionScriptingTraits (0ms)
			SetupTypeCache (381ms)
			ReleaseScriptCaches (3ms)
			RebuildScriptCaches (58ms)
			SetupLoadedEditorAssemblies (662ms)
				LogAssemblyErrors (0ms)
				InitializePlatformSupportModulesInManaged (19ms)
				SetLoadedEditorAssemblies (1ms)
				RefreshPlugins (1ms)
				BeforeProcessingInitializeOnLoad (112ms)
				ProcessInitializeOnLoadAttributes (477ms)
				ProcessInitializeOnLoadMethodAttributes (39ms)
				AfterProcessingInitializeOnLoad (12ms)
				EditorAssembliesLoaded (1ms)
			ExecutionOrderSort2 (0ms)
			AwakeInstancesAfterBackupRestoration (8ms)
Platform modules already initialized, skipping
Refreshing native plugins compatible for Editor in 3.85 ms, found 3 plugins.
Preloading 0 native plugins for Editor in 0.00 ms.
Unloading 3916 Unused Serialized files (Serialized files now loaded: 0)
Unloading 34 unused Assets / (1.7 MB). Loaded Objects now: 4479.
Memory consumption went from 172.6 MB to 170.9 MB.
Total: 4.967900 ms (FindLiveObjects: 0.638700 ms CreateObjectMapping: 0.631800 ms MarkObjects: 3.169800 ms  DeleteObjects: 0.526200 ms)

AssetImportParameters requested are different than current active one (requested -> active):
  custom:video-decoder-ogg-theora: a1e56fd34408186e4bbccfd4996cb3dc -> 
  custom:container-muxer-webm: aa71ff27fc2769a1b78a27578f13a17b -> 
  custom:container-demuxer-webm: 4f35f7cbe854078d1ac9338744f61a02 -> 
  custom:video-encoder-webm-vp8: eb34c28f22e8b96e1ab97ce403110664 -> 
  custom:audio-encoder-webm-vorbis: bf7c407c2cedff20999df2af8eb42d56 -> 
  custom:framework-win-MediaFoundation: 216162199b28c13a410421893ffa2e32 -> 
  custom:container-demuxer-ogg: 62fdf1f143b41e24485cea50d1cbac27 -> 
  custom:video-decoder-webm-vp8: 9c59270c3fd7afecdb556c50c9e8de78 -> 
  custom:audio-decoder-ogg-vorbis: bf7c407c2cedff20999df2af8eb42d56 -> 
